Unity Editor version:    2021.3.2f1 (d6360bedb9a0)
Branch:                  2021.3/staging
Build type:              Release
Batch mode:              YES
macOS version:           Version 12.1 (Build 21C52)
Darwin version:          21.2.0
Architecture:            x86_64
Running under Rosetta:   YES
Available memory:        8192 MB
Using pre-set license
Pro License: YES

COMMAND LINE ARGUMENTS:
/Applications/Unity/Hub/Editor/2021.3.2f1/Unity.app/Contents/MacOS/Unity
-adb2
-batchMode
-noUpm
-name
AssetImportWorker0
-projectPath
/Volumes/T7/GitHub/SJS_repository/SJS_Project_03
-logFile
Logs/AssetImportWorker0.log
-srvPort
63343
Successfully changed project path to: /Volumes/T7/GitHub/SJS_repository/SJS_Project_03
/Volumes/T7/GitHub/SJS_repository/SJS_Project_03
[UnityMemory] Configuration Parameters - Can be set up in boot.config
    "memorysetup-bucket-allocator-granularity=16"
    "memorysetup-bucket-allocator-bucket-count=8"
    "memorysetup-bucket-allocator-block-size=33554432"
    "memorysetup-bucket-allocator-block-count=8"
    "memorysetup-main-allocator-block-size=16777216"
    "memorysetup-thread-allocator-block-size=16777216"
    "memorysetup-gfx-main-allocator-block-size=16777216"
    "memorysetup-gfx-thread-allocator-block-size=16777216"
    "memorysetup-cache-allocator-block-size=4194304"
    "memorysetup-typetree-allocator-block-size=2097152"
    "memorysetup-profiler-bucket-allocator-granularity=16"
    "memorysetup-profiler-bucket-allocator-bucket-count=8"
    "memorysetup-profiler-bucket-allocator-block-size=33554432"
    "memorysetup-profiler-bucket-allocator-block-count=8"
    "memorysetup-profiler-allocator-block-size=16777216"
    "memorysetup-profiler-editor-allocator-block-size=1048576"
    "memorysetup-temp-allocator-size-main=16777216"
    "memorysetup-job-temp-allocator-block-size=2097152"
    "memorysetup-job-temp-allocator-block-size-background=1048576"
    "memorysetup-job-temp-allocator-reduction-small-platforms=262144"
    "memorysetup-temp-allocator-size-background-worker=32768"
    "memorysetup-temp-allocator-size-job-worker=262144"
    "memorysetup-temp-allocator-size-preload-manager=33554432"
    "memorysetup-temp-allocator-size-nav-mesh-worker=65536"
    "memorysetup-temp-allocator-size-audio-worker=65536"
    "memorysetup-temp-allocator-size-cloud-worker=32768"
    "memorysetup-temp-allocator-size-gi-baking-worker=262144"
    "memorysetup-temp-allocator-size-gfx=262144"
Refreshing native plugins compatible for Editor in 29.74 ms, found 2 plugins.
Preloading 0 native plugins for Editor in 0.00 ms.
Initialize engine version: 2021.3.2f1 (d6360bedb9a0)
[Subsystems] Discovering subsystems at path /Applications/Unity/Hub/Editor/2021.3.2f1/Unity.app/Contents/Resources/UnitySubsystems
[Subsystems] Discovering subsystems at path /Volumes/T7/GitHub/SJS_repository/SJS_Project_03/Assets
GfxDevice: creating device client; threaded=0; jobified=0
 preferred device: Apple M1 (high power)
Metal devices available: 1
0: Apple M1 (high power)
Using device Apple M1 (high power)
Initializing Metal device caps: Apple M1
Initialize mono
Mono path[0] = '/Applications/Unity/Hub/Editor/2021.3.2f1/Unity.app/Contents/Managed'
Mono path[1] = '/Applications/Unity/Hub/Editor/2021.3.2f1/Unity.app/Contents/MonoBleedingEdge/lib/mono/unityjit-macos'
Mono config path = '/Applications/Unity/Hub/Editor/2021.3.2f1/Unity.app/Contents/MonoBleedingEdge/etc'
Using monoOptions --debugger-agent=transport=dt_socket,embedding=1,server=y,suspend=n,address=127.0.0.1:56122
Begin MonoManager ReloadAssembly
Registering precompiled unity dll's ...
Register platform support module: /Applications/Unity/Hub/Editor/2021.3.2f1/Unity.app/Contents/PlaybackEngines/MacStandaloneSupport/UnityEditor.OSXStandalone.Extensions.dll
Register platform support module: /Applications/Unity/Hub/Editor/2021.3.2f1/PlaybackEngines/AndroidPlayer/UnityEditor.Android.Extensions.dll
Registered in 0.003223 seconds.
Native extension for Android target not found
Native extension for OSXStandalone target not found
Refreshing native plugins compatible for Editor in 34.10 ms, found 2 plugins.
Preloading 0 native plugins for Editor in 0.00 ms.
Mono: successfully reloaded assembly
- Completed reload, in  2.110 seconds
Domain Reload Profiling:
	ReloadAssembly (2113ms)
		BeginReloadAssembly (237ms)
			ExecutionOrderSort (0ms)
			DisableScriptedObjects (0ms)
			BackupInstance (0ms)
			ReleaseScriptingObjects (0ms)
			CreateAndSetChildDomain (3ms)
		EndReloadAssembly (1363ms)
			LoadAssemblies (237ms)
			RebuildTransferFunctionScriptingTraits (6ms)
			SetupTypeCache (214ms)
			ReleaseScriptCaches (0ms)
			RebuildScriptCaches (41ms)
			SetupLoadedEditorAssemblies (921ms)
				LogAssemblyErrors (0ms)
				InitializePlatformSupportModulesInManaged (219ms)
				SetLoadedEditorAssemblies (1ms)
				RefreshPlugins (34ms)
				BeforeProcessingInitializeOnLoad (7ms)
				ProcessInitializeOnLoadAttributes (415ms)
				ProcessInitializeOnLoadMethodAttributes (244ms)
				AfterProcessingInitializeOnLoad (0ms)
				EditorAssembliesLoaded (1ms)
			ExecutionOrderSort2 (0ms)
			AwakeInstancesAfterBackupRestoration (0ms)
Platform modules already initialized, skipping
Registering precompiled user dll's ...
Registered in 0.008416 seconds.
Begin MonoManager ReloadAssembly
Native extension for Android target not found
Native extension for OSXStandalone target not found
Refreshing native plugins compatible for Editor in 8.56 ms, found 2 plugins.
Preloading 0 native plugins for Editor in 0.00 ms.
Mono: successfully reloaded assembly
- Completed reload, in  3.795 seconds
Domain Reload Profiling:
	ReloadAssembly (3802ms)
		BeginReloadAssembly (944ms)
			ExecutionOrderSort (2ms)
			DisableScriptedObjects (86ms)
			BackupInstance (0ms)
			ReleaseScriptingObjects (0ms)
			CreateAndSetChildDomain (253ms)
		EndReloadAssembly (2375ms)
			LoadAssemblies (514ms)
			RebuildTransferFunctionScriptingTraits (5ms)
			SetupTypeCache (430ms)
			ReleaseScriptCaches (12ms)
			RebuildScriptCaches (60ms)
			SetupLoadedEditorAssemblies (1430ms)
				LogAssemblyErrors (0ms)
				InitializePlatformSupportModulesInManaged (53ms)
				SetLoadedEditorAssemblies (2ms)
				RefreshPlugins (9ms)
				BeforeProcessingInitializeOnLoad (117ms)
				ProcessInitializeOnLoadAttributes (1082ms)
				ProcessInitializeOnLoadMethodAttributes (166ms)
				AfterProcessingInitializeOnLoad (1ms)
				EditorAssembliesLoaded (1ms)
			ExecutionOrderSort2 (0ms)
			AwakeInstancesAfterBackupRestoration (18ms)
Platform modules already initialized, skipping
========================================================================
Worker process is ready to serve import requests
Launching external process: /Applications/Unity/Hub/Editor/2021.3.2f1/Unity.app/Contents/Tools/UnityShaderCompiler
Launched and connected shader compiler UnityShaderCompiler after 0.49 seconds
Refreshing native plugins compatible for Editor in 2.81 ms, found 2 plugins.
Preloading 0 native plugins for Editor in 0.00 ms.
Unloading 1668 Unused Serialized files (Serialized files now loaded: 0)
Unloading 19 unused Assets / (31.0 KB). Loaded Objects now: 2135.
Memory consumption went from 161.4 MB to 161.4 MB.
Total: 55.963250 ms (FindLiveObjects: 0.372875 ms CreateObjectMapping: 0.037209 ms MarkObjects: 55.443958 ms  DeleteObjects: 0.105334 ms)

AssetImportParameters requested are different than current active one (requested -> active):
  custom:video-decoder-ogg-theora: a1e56fd34408186e4bbccfd4996cb3dc -> 
  custom:container-muxer-webm: aa71ff27fc2769a1b78a27578f13a17b -> 
  custom:container-demuxer-webm: 4f35f7cbe854078d1ac9338744f61a02 -> 
  custom:video-encoder-webm-vp8: eb34c28f22e8b96e1ab97ce403110664 -> 
  custom:framework-osx-AVFoundation: e770b220cccbd017edd2c1fefb359320 -> 
  custom:audio-encoder-webm-vorbis: bf7c407c2cedff20999df2af8eb42d56 -> 
  custom:container-demuxer-ogg: 62fdf1f143b41e24485cea50d1cbac27 -> 
  custom:video-decoder-webm-vp8: 9c59270c3fd7afecdb556c50c9e8de78 -> 
  custom:audio-decoder-ogg-vorbis: bf7c407c2cedff20999df2af8eb42d56 -> 
========================================================================
Received Import Request.
  Time since last request: 435247.822133 seconds.
  path: Assets/Scenes
  artifactKey: Guid(5485f3b7872804fa69f36a5ac9861a86) Importer(815301076,1909f56bfc062723c751e8b465ee728b)
Start importing Assets/Scenes using Guid(5485f3b7872804fa69f36a5ac9861a86) Importer(815301076,1909f56bfc062723c751e8b465ee728b)  -> (artifact id: 'b2a8076987155b824551bf67036f6c38') in 0.019706 seconds 
========================================================================
Received Import Request.
  Time since last request: 2.393919 seconds.
  path: Assets/Scenes/Title_scene.unity
  artifactKey: Guid(4d2e2148c22854aad8281c828b95977c) Importer(815301076,1909f56bfc062723c751e8b465ee728b)
Start importing Assets/Scenes/Title_scene.unity using Guid(4d2e2148c22854aad8281c828b95977c) Importer(815301076,1909f56bfc062723c751e8b465ee728b)  -> (artifact id: 'e26e9de1499656501b10f5606a1ec94e') in 0.008729 seconds 
========================================================================
Received Import Request.
  Time since last request: 308.151691 seconds.
  path: Assets/GameManager_1.html
  artifactKey: Guid(cb985a6d3296f44e3a70d52b3959b05c) Importer(815301076,1909f56bfc062723c751e8b465ee728b)
Start importing Assets/GameManager_1.html using Guid(cb985a6d3296f44e3a70d52b3959b05c) Importer(815301076,1909f56bfc062723c751e8b465ee728b)  -> (artifact id: '6bfe51e6c10b294af673de3f60e25c9e') in 1.019266 seconds 
========================================================================
Received Import Request.
  Time since last request: 3.736488 seconds.
  path: Assets/Scripts
  artifactKey: Guid(b92053f15819a48a89cce8ff170f12dd) Importer(815301076,1909f56bfc062723c751e8b465ee728b)
Start importing Assets/Scripts using Guid(b92053f15819a48a89cce8ff170f12dd) Importer(815301076,1909f56bfc062723c751e8b465ee728b)  -> (artifact id: 'c9d91283133657d7aed52f56d2c46e4e') in 0.008258 seconds 
========================================================================
Received Import Request.
  Time since last request: 77.454047 seconds.
  path: Assets/20181206_9fe40a.jpeg
  artifactKey: Guid(819c54b4e6d7c456685a47a63be32cb9) Importer(815301076,1909f56bfc062723c751e8b465ee728b)
Start importing Assets/20181206_9fe40a.jpeg using Guid(819c54b4e6d7c456685a47a63be32cb9) Importer(815301076,1909f56bfc062723c751e8b465ee728b)  -> (artifact id: 'bf34dda990b478fee0bdd507471ef96c') in 2.053063 seconds 
========================================================================
Received Import Request.
  Time since last request: 31.631443 seconds.
  path: Assets/20181206_9fe40a.jpeg
  artifactKey: Guid(819c54b4e6d7c456685a47a63be32cb9) Importer(815301076,1909f56bfc062723c751e8b465ee728b)
Start importing Assets/20181206_9fe40a.jpeg using Guid(819c54b4e6d7c456685a47a63be32cb9) Importer(815301076,1909f56bfc062723c751e8b465ee728b)  -> (artifact id: '906ff8fa0caf4e1377b2ef009822913d') in 0.809690 seconds 
========================================================================
Received Import Request.
  Time since last request: 155.425650 seconds.
  path: Assets/NewSurfaceShader.shader
  artifactKey: Guid(b72298b56dc6a48f8818572531939f3e) Importer(815301076,1909f56bfc062723c751e8b465ee728b)
Start importing Assets/NewSurfaceShader.shader using Guid(b72298b56dc6a48f8818572531939f3e) Importer(815301076,1909f56bfc062723c751e8b465ee728b)  -> (artifact id: '3ff82025433f02a27e4f1d978dd952c8') in 1.145966 seconds 
========================================================================
Received Import Request.
  Time since last request: 11.734255 seconds.
  path: Assets/Blur.shader
  artifactKey: Guid(b72298b56dc6a48f8818572531939f3e) Importer(815301076,1909f56bfc062723c751e8b465ee728b)
Start importing Assets/Blur.shader using Guid(b72298b56dc6a48f8818572531939f3e) Importer(815301076,1909f56bfc062723c751e8b465ee728b)  -> (artifact id: 'c6d47adac2d2369c98827c34665fd1da') in 0.033356 seconds 
========================================================================
Received Import Request.
  Time since last request: 108.390788 seconds.
  path: Assets/Blur.mat
  artifactKey: Guid(6e9fd456c26214f41aa3871be2be0ae8) Importer(815301076,1909f56bfc062723c751e8b465ee728b)
Start importing Assets/Blur.mat using Guid(6e9fd456c26214f41aa3871be2be0ae8) Importer(815301076,1909f56bfc062723c751e8b465ee728b)  -> (artifact id: '86014ddd7b7d582d00bcfb9b2dd3f776') in 1.449253 seconds 
========================================================================
Received Import Request.
  Time since last request: 445.330426 seconds.
  path: Assets/NewSurfaceShader.shader
  artifactKey: Guid(98f93547873ea42cc87d04e01f2c674d) Importer(815301076,1909f56bfc062723c751e8b465ee728b)
Start importing Assets/NewSurfaceShader.shader using Guid(98f93547873ea42cc87d04e01f2c674d) Importer(815301076,1909f56bfc062723c751e8b465ee728b)  -> (artifact id: '9600998d49f2bc2ac68bcb1d8a4d5fdb') in 0.371239 seconds 
========================================================================
Received Import Request.
  Time since last request: 12.496551 seconds.
  path: Assets/Blur.shader
  artifactKey: Guid(98f93547873ea42cc87d04e01f2c674d) Importer(815301076,1909f56bfc062723c751e8b465ee728b)
Start importing Assets/Blur.shader using Guid(98f93547873ea42cc87d04e01f2c674d) Importer(815301076,1909f56bfc062723c751e8b465ee728b)  -> (artifact id: '7c4792331c7c29f67f6a3f538b7ba29d') in 0.188695 seconds 
========================================================================
Received Import Request.
  Time since last request: 1673.802345 seconds.
  path: Assets/スクリーンショット 2022-05-09 午後8.00.12.png
  artifactKey: Guid(2889595852e344ace898b36f1ad6906d) Importer(815301076,1909f56bfc062723c751e8b465ee728b)
Start importing Assets/スクリーンショット 2022-05-09 午後8.00.12.png using Guid(2889595852e344ace898b36f1ad6906d) Importer(815301076,1909f56bfc062723c751e8b465ee728b)  -> (artifact id: '0e1e1bc202c3e2dade5e2c7354582f68') in 1.215917 seconds 
========================================================================
Received Import Request.
  Time since last request: 44.186151 seconds.
  path: Assets/スクリーンショット 2022-05-09 午後8.00.12.png
  artifactKey: Guid(2889595852e344ace898b36f1ad6906d) Importer(815301076,1909f56bfc062723c751e8b465ee728b)
Start importing Assets/スクリーンショット 2022-05-09 午後8.00.12.png using Guid(2889595852e344ace898b36f1ad6906d) Importer(815301076,1909f56bfc062723c751e8b465ee728b)  -> (artifact id: 'd9775d22638e4406d67fda31b8acd327') in 0.159562 seconds 
========================================================================
Received Import Request.
  Time since last request: 22.736425 seconds.
  path: Assets/スクリーンショット_2022-05-09_午後8.00.12-removebg-preview (1).png
  artifactKey: Guid(acf2b95a0b68b4048bb5ad979d7bbe1f) Importer(815301076,1909f56bfc062723c751e8b465ee728b)
Start importing Assets/スクリーンショット_2022-05-09_午後8.00.12-removebg-preview (1).png using Guid(acf2b95a0b68b4048bb5ad979d7bbe1f) Importer(815301076,1909f56bfc062723c751e8b465ee728b)  -> (artifact id: '9a5e464776347834cb24e4d3a647e2b9') in 0.089179 seconds 
========================================================================
Received Import Request.
  Time since last request: 24.123717 seconds.
  path: Assets/スクリーンショット_2022-05-09_午後8.00.12-removebg-preview (1).png
  artifactKey: Guid(acf2b95a0b68b4048bb5ad979d7bbe1f) Importer(815301076,1909f56bfc062723c751e8b465ee728b)
Start importing Assets/スクリーンショット_2022-05-09_午後8.00.12-removebg-preview (1).png using Guid(acf2b95a0b68b4048bb5ad979d7bbe1f) Importer(815301076,1909f56bfc062723c751e8b465ee728b)  -> (artifact id: '02aa0d008181d5025ec3458ef020298d') in 0.230359 seconds 
========================================================================
Received Import Request.
  Time since last request: 32.339320 seconds.
  path: Assets
  artifactKey: Guid(00000000000000001000000000000000) Importer(815301076,1909f56bfc062723c751e8b465ee728b)
Start importing Assets using Guid(00000000000000001000000000000000) Importer(815301076,1909f56bfc062723c751e8b465ee728b)  -> (artifact id: '79842766b460edbeab6a34051e857a80') in 0.020255 seconds 
========================================================================
Received Import Request.
  Time since last request: 704.256374 seconds.
  path: Assets/Scene_Changer.cs
  artifactKey: Guid(a156badcf3adc4700905a07a1cf70b0c) Importer(815301076,1909f56bfc062723c751e8b465ee728b)
Start importing Assets/Scene_Changer.cs using Guid(a156badcf3adc4700905a07a1cf70b0c) Importer(815301076,1909f56bfc062723c751e8b465ee728b)  -> (artifact id: '324aa691a74eb959bbfce6a01e80b038') in 1.127968 seconds 
========================================================================
Received Prepare
Registering precompiled user dll's ...
Registered in 0.001083 seconds.
Begin MonoManager ReloadAssembly
Native extension for Android target not found
Native extension for OSXStandalone target not found
Refreshing native plugins compatible for Editor in 4.13 ms, found 2 plugins.
Preloading 0 native plugins for Editor in 0.00 ms.
Mono: successfully reloaded assembly
- Completed reload, in  9.597 seconds
Domain Reload Profiling:
	ReloadAssembly (9605ms)
		BeginReloadAssembly (2102ms)
			ExecutionOrderSort (1ms)
			DisableScriptedObjects (165ms)
			BackupInstance (0ms)
			ReleaseScriptingObjects (2ms)
			CreateAndSetChildDomain (924ms)
		EndReloadAssembly (6907ms)
			LoadAssemblies (1003ms)
			RebuildTransferFunctionScriptingTraits (3ms)
			SetupTypeCache (887ms)
			ReleaseScriptCaches (20ms)
			RebuildScriptCaches (191ms)
			SetupLoadedEditorAssemblies (4523ms)
				LogAssemblyErrors (13ms)
				InitializePlatformSupportModulesInManaged (249ms)
				SetLoadedEditorAssemblies (3ms)
				RefreshPlugins (4ms)
				BeforeProcessingInitializeOnLoad (281ms)
				ProcessInitializeOnLoadAttributes (3670ms)
				ProcessInitializeOnLoadMethodAttributes (292ms)
				AfterProcessingInitializeOnLoad (3ms)
				EditorAssembliesLoaded (7ms)
			ExecutionOrderSort2 (1ms)
			AwakeInstancesAfterBackupRestoration (90ms)
Platform modules already initialized, skipping
Refreshing native plugins compatible for Editor in 2.63 ms, found 2 plugins.
Preloading 0 native plugins for Editor in 0.00 ms.
Unloading 1676 Unused Serialized files (Serialized files now loaded: 0)
Unloading 25 unused Assets / (0.7 MB). Loaded Objects now: 2189.
Memory consumption went from 193.4 MB to 192.8 MB.
Total: 48.778167 ms (FindLiveObjects: 0.193458 ms CreateObjectMapping: 0.063417 ms MarkObjects: 48.160709 ms  DeleteObjects: 0.355542 ms)

AssetImportParameters requested are different than current active one (requested -> active):
  custom:video-decoder-ogg-theora: a1e56fd34408186e4bbccfd4996cb3dc -> 
  custom:container-muxer-webm: aa71ff27fc2769a1b78a27578f13a17b -> 
  custom:container-demuxer-webm: 4f35f7cbe854078d1ac9338744f61a02 -> 
  custom:video-encoder-webm-vp8: eb34c28f22e8b96e1ab97ce403110664 -> 
  custom:framework-osx-AVFoundation: e770b220cccbd017edd2c1fefb359320 -> 
  custom:audio-encoder-webm-vorbis: bf7c407c2cedff20999df2af8eb42d56 -> 
  custom:container-demuxer-ogg: 62fdf1f143b41e24485cea50d1cbac27 -> 
  custom:video-decoder-webm-vp8: 9c59270c3fd7afecdb556c50c9e8de78 -> 
  custom:audio-decoder-ogg-vorbis: bf7c407c2cedff20999df2af8eb42d56 -> 
========================================================================
Received Prepare
Registering precompiled user dll's ...
Registered in 0.001892 seconds.
Begin MonoManager ReloadAssembly
Native extension for Android target not found
Native extension for OSXStandalone target not found
Refreshing native plugins compatible for Editor in 53.87 ms, found 2 plugins.
Preloading 0 native plugins for Editor in 0.00 ms.
Mono: successfully reloaded assembly
- Completed reload, in 12.868 seconds
Domain Reload Profiling:
	ReloadAssembly (12902ms)
		BeginReloadAssembly (3282ms)
			ExecutionOrderSort (0ms)
			DisableScriptedObjects (380ms)
			BackupInstance (0ms)
			ReleaseScriptingObjects (3ms)
			CreateAndSetChildDomain (1166ms)
		EndReloadAssembly (7393ms)
			LoadAssemblies (1556ms)
			RebuildTransferFunctionScriptingTraits (1ms)
			SetupTypeCache (1925ms)
			ReleaseScriptCaches (43ms)
			RebuildScriptCaches (331ms)
			SetupLoadedEditorAssemblies (2881ms)
				LogAssemblyErrors (2ms)
				InitializePlatformSupportModulesInManaged (376ms)
				SetLoadedEditorAssemblies (2ms)
				RefreshPlugins (55ms)
				BeforeProcessingInitializeOnLoad (226ms)
				ProcessInitializeOnLoadAttributes (1743ms)
				ProcessInitializeOnLoadMethodAttributes (471ms)
				AfterProcessingInitializeOnLoad (2ms)
				EditorAssembliesLoaded (5ms)
			ExecutionOrderSort2 (0ms)
			AwakeInstancesAfterBackupRestoration (100ms)
Platform modules already initialized, skipping
Refreshing native plugins compatible for Editor in 9.25 ms, found 2 plugins.
Preloading 0 native plugins for Editor in 0.00 ms.
Unloading 1676 Unused Serialized files (Serialized files now loaded: 0)
Unloading 25 unused Assets / (0.7 MB). Loaded Objects now: 2192.
Memory consumption went from 193.6 MB to 192.9 MB.
Total: 138.393833 ms (FindLiveObjects: 1.582833 ms CreateObjectMapping: 1.294000 ms MarkObjects: 131.740375 ms  DeleteObjects: 3.766875 ms)

AssetImportParameters requested are different than current active one (requested -> active):
  custom:video-decoder-ogg-theora: a1e56fd34408186e4bbccfd4996cb3dc -> 
  custom:container-muxer-webm: aa71ff27fc2769a1b78a27578f13a17b -> 
  custom:container-demuxer-webm: 4f35f7cbe854078d1ac9338744f61a02 -> 
  custom:video-encoder-webm-vp8: eb34c28f22e8b96e1ab97ce403110664 -> 
  custom:framework-osx-AVFoundation: e770b220cccbd017edd2c1fefb359320 -> 
  custom:audio-encoder-webm-vorbis: bf7c407c2cedff20999df2af8eb42d56 -> 
  custom:container-demuxer-ogg: 62fdf1f143b41e24485cea50d1cbac27 -> 
  custom:video-decoder-webm-vp8: 9c59270c3fd7afecdb556c50c9e8de78 -> 
  custom:audio-decoder-ogg-vorbis: bf7c407c2cedff20999df2af8eb42d56 -> 
========================================================================
Received Prepare
Registering precompiled user dll's ...
Registered in 0.002814 seconds.
Begin MonoManager ReloadAssembly
Native extension for Android target not found
Native extension for OSXStandalone target not found
Refreshing native plugins compatible for Editor in 5.53 ms, found 2 plugins.
Preloading 0 native plugins for Editor in 0.00 ms.
Mono: successfully reloaded assembly
- Completed reload, in  5.939 seconds
Domain Reload Profiling:
	ReloadAssembly (5955ms)
		BeginReloadAssembly (1035ms)
			ExecutionOrderSort (0ms)
			DisableScriptedObjects (114ms)
			BackupInstance (0ms)
			ReleaseScriptingObjects (0ms)
			CreateAndSetChildDomain (401ms)
		EndReloadAssembly (4370ms)
			LoadAssemblies (502ms)
			RebuildTransferFunctionScriptingTraits (1ms)
			SetupTypeCache (552ms)
			ReleaseScriptCaches (14ms)
			RebuildScriptCaches (112ms)
			SetupLoadedEditorAssemblies (2787ms)
				LogAssemblyErrors (4ms)
				InitializePlatformSupportModulesInManaged (185ms)
				SetLoadedEditorAssemblies (5ms)
				RefreshPlugins (6ms)
				BeforeProcessingInitializeOnLoad (214ms)
				ProcessInitializeOnLoadAttributes (1960ms)
				ProcessInitializeOnLoadMethodAttributes (390ms)
				AfterProcessingInitializeOnLoad (7ms)
				EditorAssembliesLoaded (13ms)
			ExecutionOrderSort2 (3ms)
			AwakeInstancesAfterBackupRestoration (61ms)
Platform modules already initialized, skipping
Refreshing native plugins compatible for Editor in 2.25 ms, found 2 plugins.
Preloading 0 native plugins for Editor in 0.00 ms.
Unloading 1676 Unused Serialized files (Serialized files now loaded: 0)
Unloading 25 unused Assets / (0.7 MB). Loaded Objects now: 2195.
Memory consumption went from 193.8 MB to 193.1 MB.
Total: 58.556583 ms (FindLiveObjects: 5.112542 ms CreateObjectMapping: 0.197167 ms MarkObjects: 49.924125 ms  DeleteObjects: 3.316875 ms)

AssetImportParameters requested are different than current active one (requested -> active):
  custom:video-decoder-ogg-theora: a1e56fd34408186e4bbccfd4996cb3dc -> 
  custom:container-muxer-webm: aa71ff27fc2769a1b78a27578f13a17b -> 
  custom:container-demuxer-webm: 4f35f7cbe854078d1ac9338744f61a02 -> 
  custom:video-encoder-webm-vp8: eb34c28f22e8b96e1ab97ce403110664 -> 
  custom:framework-osx-AVFoundation: e770b220cccbd017edd2c1fefb359320 -> 
  custom:audio-encoder-webm-vorbis: bf7c407c2cedff20999df2af8eb42d56 -> 
  custom:container-demuxer-ogg: 62fdf1f143b41e24485cea50d1cbac27 -> 
  custom:video-decoder-webm-vp8: 9c59270c3fd7afecdb556c50c9e8de78 -> 
  custom:audio-decoder-ogg-vorbis: bf7c407c2cedff20999df2af8eb42d56 -> 
========================================================================
Received Prepare
Registering precompiled user dll's ...
Registered in 0.002310 seconds.
Begin MonoManager ReloadAssembly
Native extension for Android target not found
Native extension for OSXStandalone target not found
Refreshing native plugins compatible for Editor in 0.82 ms, found 2 plugins.
Preloading 0 native plugins for Editor in 0.00 ms.
Mono: successfully reloaded assembly
- Completed reload, in  6.153 seconds
Domain Reload Profiling:
	ReloadAssembly (6168ms)
		BeginReloadAssembly (808ms)
			ExecutionOrderSort (0ms)
			DisableScriptedObjects (83ms)
			BackupInstance (0ms)
			ReleaseScriptingObjects (0ms)
			CreateAndSetChildDomain (259ms)
		EndReloadAssembly (4538ms)
			LoadAssemblies (427ms)
			RebuildTransferFunctionScriptingTraits (2ms)
			SetupTypeCache (439ms)
			ReleaseScriptCaches (18ms)
			RebuildScriptCaches (87ms)
			SetupLoadedEditorAssemblies (3474ms)
				LogAssemblyErrors (0ms)
				InitializePlatformSupportModulesInManaged (161ms)
				SetLoadedEditorAssemblies (4ms)
				RefreshPlugins (1ms)
				BeforeProcessingInitializeOnLoad (169ms)
				ProcessInitializeOnLoadAttributes (2801ms)
				ProcessInitializeOnLoadMethodAttributes (333ms)
				AfterProcessingInitializeOnLoad (3ms)
				EditorAssembliesLoaded (1ms)
			ExecutionOrderSort2 (1ms)
			AwakeInstancesAfterBackupRestoration (27ms)
Platform modules already initialized, skipping
Refreshing native plugins compatible for Editor in 1.70 ms, found 2 plugins.
Preloading 0 native plugins for Editor in 0.00 ms.
Unloading 1676 Unused Serialized files (Serialized files now loaded: 0)
Unloading 25 unused Assets / (0.7 MB). Loaded Objects now: 2198.
Memory consumption went from 194.0 MB to 193.3 MB.
Total: 35.607250 ms (FindLiveObjects: 0.306875 ms CreateObjectMapping: 0.065792 ms MarkObjects: 34.664916 ms  DeleteObjects: 0.557041 ms)

AssetImportParameters requested are different than current active one (requested -> active):
  custom:video-decoder-ogg-theora: a1e56fd34408186e4bbccfd4996cb3dc -> 
  custom:container-muxer-webm: aa71ff27fc2769a1b78a27578f13a17b -> 
  custom:container-demuxer-webm: 4f35f7cbe854078d1ac9338744f61a02 -> 
  custom:video-encoder-webm-vp8: eb34c28f22e8b96e1ab97ce403110664 -> 
  custom:framework-osx-AVFoundation: e770b220cccbd017edd2c1fefb359320 -> 
  custom:audio-encoder-webm-vorbis: bf7c407c2cedff20999df2af8eb42d56 -> 
  custom:container-demuxer-ogg: 62fdf1f143b41e24485cea50d1cbac27 -> 
  custom:video-decoder-webm-vp8: 9c59270c3fd7afecdb556c50c9e8de78 -> 
  custom:audio-decoder-ogg-vorbis: bf7c407c2cedff20999df2af8eb42d56 -> 
